==============================================================================
carpoolFlow                                                                   
==============================================================================
Carpool Realtime - Start + New Positions (USER_ID2)                     
  Traceback (most recent call last):
    ~~~~~~~~~~~~~~~~~~~~~~~~~~~~~~~~~~~~~~~~~~~~~~~~~~~~~~~~~~~~~~~~~~~~~~~~~~
    File  C:\Users\UsuarioCompuElite\Documents\GitHub\Respaldo\AllRide Test Cases\Test Cases\Carpool(Coni)\carpoolFlow.robot:620
    T:  Carpool Realtime - Start + New Positions (USER_ID2)    
    ~~~~~~~~~~~~~~~~~~~~~~~~~~~~~~~~~~~~~~~~~~~~~~~~~~~~~~~~~~~~~~~~~~~~~~~~~~
    File  C:\Users\UsuarioCompuElite\Documents\GitHub\Respaldo\AllRide Test Cases\Test Cases\Carpool(Coni)\carpoolFlow.robot:624
      Set Variable    ${WS_BASE}&token=${realTimeTokenUser}
      |  ${WS_BASE}&token=${realTimeTokenUser} = <Unable to define variable value>
______________________________________________________________________________
| FAIL |
Variable '${realTimeTokenUser}' not found.
------------------------------------------------------------------------------
carpoolFlow                                                           | FAIL |
1 test, 0 passed, 1 failed
==============================================================================
Output:  C:\Users\UsuarioCompuElite\Documents\GitHub\Respaldo\results\parallel\pabot_results\1\output.xml
